<?xml version="1.0" encoding="UTF-8"?>
<testng-results ignored="0" total="1" passed="1" failed="0" skipped="0">
  <reporter-output>
  </reporter-output>
  <suite started-at="2023-01-20T13:23:18 IST" name="Default suite" finished-at="2023-01-20T13:23:28 IST" duration-ms="10013">
    <groups>
    </groups>
    <test started-at="2023-01-20T13:23:18 IST" name="Default test" finished-at="2023-01-20T13:23:28 IST" duration-ms="10013">
      <class name="testPackage.ResponseBodyValidation">
        <test-method signature="BodyPrint()[pri:0, instance:testPackage.ResponseBodyValidation@3d5c822d]" started-at="2023-01-20T13:23:18 IST" name="BodyPrint" finished-at="2023-01-20T13:23:28 IST" duration-ms="9856" status="PASS">
          <reporter-output>
          </reporter-output>
        </test-method> <!-- BodyPrint -->
      </class> <!-- testPackage.ResponseBodyValidation -->
    </test> <!-- Default test -->
  </suite> <!-- Default suite -->
</testng-results>
